<?xml version="1.0" encoding="UTF-8"?>
<!-- Generated by org.testng.reporters.JUnitReportReporter -->
<testsuite skipped="0" hostname="Soumya-PC" name="scripts.InvalidLogin" tests="1" failures="0" timestamp="16 May 2019 10:26:32 GMT" time="35.831" errors="0">
  <testcase name="testInvalidLogin" time="35.831" classname="scripts.InvalidLogin"/>
</testsuite> <!-- scripts.InvalidLogin -->
