<?xml version="1.0" encoding="UTF-8"?>
<!-- Generated by org.testng.reporters.JUnitReportReporter -->
<testsuite skipped="0" hostname="Soumya-PC" name="scripts.InvalidLogin" tests="1" failures="0" timestamp="17 May 2019 04:38:50 GMT" time="127.162" errors="0">
  <testcase name="testInvalidLogin" time="127.162" classname="scripts.InvalidLogin"/>
</testsuite> <!-- scripts.InvalidLogin -->
