<?xml version="1.0" encoding="UTF-8"?>
<!-- Generated by org.testng.reporters.JUnitReportReporter -->
<testsuite skipped="0" hostname="Soumya-PC" name="scripts.ValidLogin" tests="1" failures="0" timestamp="17 May 2019 04:38:50 GMT" time="42.198" errors="0">
  <testcase name="testLogin" time="42.198" classname="scripts.ValidLogin"/>
</testsuite> <!-- scripts.ValidLogin -->
